<?xml version="1.0" encoding="UTF-8"?>
<!-- Generated by org.testng.reporters.JUnitReportReporter -->
<testsuite hostname="DESKTOP-M08I67U" name="demo.Phonepurchase" tests="1" failures="0" timestamp="20 Jun 2020 13:31:43 GMT" time="41.917" errors="0">
  <testcase name="purchase" time="41.917" classname="demo.Phonepurchase"/>
</testsuite> <!-- demo.Phonepurchase -->
